<?xml version="1.0" encoding="UTF-8"?>
<!-- Generated by org.testng.reporters.JUnitXMLReporter -->
<testsuite ignored="6" hostname="LAPTOP-5MB13OGU" failures="0" tests="4" name="Test" time="60.789" errors="0" timestamp="2023-07-11T13:18:38 IST">
  <testcase classname="com.pyga.system.CampaignSystemTest" name="campaignSystemTest" time="30.259"/>
  <testcase classname="com.pyga.system.OpportunitySystemTest" name="opportunitySystemTest" time="32.087"/>
  <testcase classname="com.pyga.system.SalesOrdersSystemTest" name="salesOrdersSystemTest" time="45.864"/>
  <testcase classname="com.pyga.system.InvoiceSystemTest" name="invoiceSystemTest" time="49.297"/>
  <testcase classname="com.pyga_crm.genericLib.BaseClass" name="@AfterSuite closeDatabase" time="0.0">
    <ignored/>
  </testcase> <!-- @AfterSuite closeDatabase -->
  <testcase classname="com.pyga_crm.genericLib.BaseClass" name="@AfterSuite closeDatabase" time="0.0">
    <ignored/>
  </testcase> <!-- @AfterSuite closeDatabase -->
  <testcase classname="com.pyga_crm.genericLib.BaseClass" name="@AfterSuite closeDatabase" time="0.0">
    <ignored/>
  </testcase> <!-- @AfterSuite closeDatabase -->
  <testcase classname="com.pyga_crm.genericLib.BaseClass" name="@BeforeSuite connectToDatabase" time="0.0">
    <ignored/>
  </testcase> <!-- @BeforeSuite connectToDatabase -->
  <testcase classname="com.pyga_crm.genericLib.BaseClass" name="@BeforeSuite connectToDatabase" time="0.0">
    <ignored/>
  </testcase> <!-- @BeforeSuite connectToDatabase -->
  <testcase classname="com.pyga_crm.genericLib.BaseClass" name="@BeforeSuite connectToDatabase" time="0.0">
    <ignored/>
  </testcase> <!-- @BeforeSuite connectToDatabase -->
</testsuite> <!-- Test -->
