<?xml version="1.0" encoding="UTF-8"?>
<!-- Generated by org.testng.reporters.JUnitXMLReporter -->
<testsuite ignored="2" hostname="LAPTOP-5MB13OGU" failures="0" tests="2" name="TestChrome" time="64.973" errors="0" timestamp="2023-07-07T13:33:21 IST">
  <testcase classname="com.pyga.system.SalesOrdersSystemTest" name="salesOrdersSystemTest" time="49.593"/>
  <testcase classname="com.pyga.system.InvoiceSystemTest" name="invoiceSystemTest" time="53.297"/>
  <testcase classname="com.pyga_crm.genericLib.BaseClass" name="@AfterSuite closeDatabase" time="0.0">
    <ignored/>
  </testcase> <!-- @AfterSuite closeDatabase -->
  <testcase classname="com.pyga_crm.genericLib.BaseClass" name="@BeforeSuite connectToDatabase" time="0.0">
    <ignored/>
  </testcase> <!-- @BeforeSuite connectToDatabase -->
</testsuite> <!-- TestChrome -->
