<?xml version="1.0" encoding="UTF-8"?>
<!-- Generated by org.testng.reporters.JUnitXMLReporter -->
<testsuite ignored="6" hostname="LAPTOP-5MB13OGU" failures="0" tests="2" name="Test" time="77.918" errors="0" timestamp="2023-07-13T15:32:36 IST">
  <testcase classname="com.pyga.system.OpportunitySystemTest" name="opportunitySystemTest" time="27.138"/>
  <testcase classname="com.pyga.system.CampaignSystemTest" name="campaignSystemTest" time="29.607"/>
  <testcase classname="com.pyga_crm.genericLib.BaseClass" name="@AfterSuite closeDatabase" time="0.0">
    <ignored/>
  </testcase> <!-- @AfterSuite closeDatabase -->
  <testcase classname="com.pyga_crm.genericLib.BaseClass" name="@AfterSuite closeDatabase" time="0.0">
    <ignored/>
  </testcase> <!-- @AfterSuite closeDatabase -->
  <testcase classname="com.pyga_crm.genericLib.BaseClass" name="@AfterSuite closeDatabase" time="0.0">
    <ignored/>
  </testcase> <!-- @AfterSuite closeDatabase -->
  <testcase classname="com.pyga_crm.genericLib.BaseClass" name="@BeforeSuite connectToDatabase" time="0.0">
    <ignored/>
  </testcase> <!-- @BeforeSuite connectToDatabase -->
  <testcase classname="com.pyga_crm.genericLib.BaseClass" name="@BeforeSuite connectToDatabase" time="0.0">
    <ignored/>
  </testcase> <!-- @BeforeSuite connectToDatabase -->
  <testcase classname="com.pyga_crm.genericLib.BaseClass" name="@BeforeSuite connectToDatabase" time="0.0">
    <ignored/>
  </testcase> <!-- @BeforeSuite connectToDatabase -->
</testsuite> <!-- Test -->
